src/App.tsx(52,9): error TS2322: Type 'FC<ErrorFallbackProps>' is not assignable to type 'ComponentType<FallbackProps> | undefined'.
  Type 'FunctionComponent<ErrorFallbackProps>' is not assignable to type 'FunctionComponent<FallbackProps>'.
    Type 'FallbackProps' is not assignable to type 'ErrorFallbackProps'.
      Types of property 'error' are incompatible.
        Type 'unknown' is not assignable to type 'Error'.
src/pages/CatererEnquiries.tsx(124,25): error TS7006: Parameter 'status' implicitly has an 'any' type.
src/pages/CatererEnquiries.tsx(150,30): error TS7006: Parameter 'type' implicitly has an 'any' type.
src/pages/CatererEnquiries.tsx(164,24): error TS7031: Binding element 'newLeadsCount' implicitly has an 'any' type.
src/pages/CatererEnquiries.tsx(164,39): error TS7031: Binding element 'searchQuery' implicitly has an 'any' type.
src/pages/CatererEnquiries.tsx(164,52): error TS7031: Binding element 'setSearchQuery' implicitly has an 'any' type.
src/pages/CatererEnquiries.tsx(222,20): error TS7031: Binding element 'lead' implicitly has an 'any' type.
src/pages/DonateFood.tsx(63,30): error TS7031: Binding element 'file' implicitly has an 'any' type.
src/pages/DonateFood.tsx(63,36): error TS7031: Binding element 'onDrop' implicitly has an 'any' type.
src/pages/DonateFood.tsx(63,44): error TS7031: Binding element 'onRemove' implicitly has an 'any' type.
src/pages/DonateFood.tsx(124,23): error TS7031: Binding element 'label' implicitly has an 'any' type.
src/pages/DonateFood.tsx(124,36): error TS7031: Binding element 'Icon' implicitly has an 'any' type.
src/pages/DonateFood.tsx(124,57): error TS7031: Binding element 'placeholder' implicitly has an 'any' type.
src/pages/DonateFood.tsx(124,70): error TS7031: Binding element 'options' implicitly has an 'any' type.
src/pages/DonateFood.tsx(143,28): error TS7006: Parameter 'opt' implicitly has an 'any' type.
src/pages/DonateFood.tsx(209,25): error TS7006: Parameter 'e' implicitly has an 'any' type.
src/pages/DonateFood.tsx(249,18): error TS2739: Type '{ label: string; placeholder: string; value: string; onChange: (e: any) => void; }' is missing the following properties from type '{ [x: string]: any; label: any; icon: any; type?: string | undefined; placeholder: any; options: any; }': icon, options
src/pages/DonateFood.tsx(253,30): error TS7006: Parameter 'e' implicitly has an 'any' type.
src/pages/DonateFood.tsx(255,18): error TS2739: Type '{ label: string; type: string; placeholder: string; value: string; onChange: (e: any) => void; }' is missing the following properties from type '{ [x: string]: any; label: any; icon: any; type?: string | undefined; placeholder: any; options: any; }': icon, options
src/pages/DonateFood.tsx(260,30): error TS7006: Parameter 'e' implicitly has an 'any' type.
src/pages/DonateFood.tsx(263,20): error TS2739: Type '{ label: string; type: string; placeholder: string; value: string; onChange: (e: any) => void; }' is missing the following properties from type '{ [x: string]: any; label: any; icon: any; type?: string | undefined; placeholder: any; options: any; }': icon, options
src/pages/DonateFood.tsx(268,32): error TS7006: Parameter 'e' implicitly has an 'any' type.
src/pages/DonateFood.tsx(292,30): error TS7006: Parameter 'e' implicitly has an 'any' type.
src/pages/DonateFood.tsx(294,18): error TS2739: Type '{ label: string; placeholder: string; value: string; onChange: (e: any) => void; }' is missing the following properties from type '{ [x: string]: any; label: any; icon: any; type?: string | undefined; placeholder: any; options: any; }': icon, options
src/pages/DonateFood.tsx(298,30): error TS7006: Parameter 'e' implicitly has an 'any' type.
src/pages/DonateFood.tsx(301,20): error TS2739: Type '{ label: string; type: string; placeholder: string; value: string; onChange: (e: any) => void; }' is missing the following properties from type '{ [x: string]: any; label: any; icon: any; type?: string | undefined; placeholder: any; options: any; }': icon, options
src/pages/DonateFood.tsx(306,32): error TS7006: Parameter 'e' implicitly has an 'any' type.
src/pages/DonateFood.tsx(331,18): error TS2739: Type '{ label: string; type: string; icon: ForwardRefExoticComponent<Omit<LucideProps, "ref"> & RefAttributes<SVGSVGElement>>; value: string; onChange: (e: any) => void; }' is missing the following properties from type '{ [x: string]: any; label: any; icon: any; type?: string | undefined; placeholder: any; options: any; }': placeholder, options
src/pages/DonateFood.tsx(336,30): error TS7006: Parameter 'e' implicitly has an 'any' type.
src/pages/DonateFood.tsx(345,30): error TS7006: Parameter 'e' implicitly has an 'any' type.
src/pages/DonateFood.tsx(348,20): error TS2741: Property 'options' is missing in type '{ label: string; icon: ForwardRefExoticComponent<Omit<LucideProps, "ref"> & RefAttributes<SVGSVGElement>>; placeholder: string; value: string; onChange: (e: any) => void; }' but required in type '{ [x: string]: any; label: any; icon: any; type?: string | undefined; placeholder: any; options: any; }'.
src/pages/DonateFood.tsx(353,32): error TS7006: Parameter 'e' implicitly has an 'any' type.
src/pages/EmailVerification.tsx(65,9): error TS7034: Variable 'timer' implicitly has type 'any' in some locations where its type cannot be determined.
src/pages/EmailVerification.tsx(71,32): error TS7005: Variable 'timer' implicitly has an 'any' type.
src/pages/EmailVerification.tsx(75,25): error TS7006: Parameter 'index' implicitly has an 'any' type.
src/pages/EmailVerification.tsx(75,32): error TS7006: Parameter 'value' implicitly has an 'any' type.
src/pages/EmailVerification.tsx(87,38): error TS2339: Property 'focus' does not exist on type 'never'.
src/pages/EmailVerification.tsx(97,37): error TS2339: Property 'focus' does not exist on type 'never'.
src/pages/EmailVerification.tsx(102,26): error TS7006: Parameter 'index' implicitly has an 'any' type.
src/pages/EmailVerification.tsx(102,33): error TS7006: Parameter 'e' implicitly has an 'any' type.
src/pages/EmailVerification.tsx(105,37): error TS2339: Property 'focus' does not exist on type 'never'.
src/pages/EmailVerification.tsx(109,25): error TS7006: Parameter 'e' implicitly has an 'any' type.
src/pages/EmailVerification.tsx(130,27): error TS2339: Property 'focus' does not exist on type 'never'.
src/pages/EmailVerification.tsx(165,19): error TS2322: Type '(el: HTMLInputElement | null) => HTMLInputElement | null' is not assignable to type 'Ref<HTMLInputElement> | undefined'.
  Type '(el: HTMLInputElement | null) => HTMLInputElement | null' is not assignable to type '(instance: HTMLInputElement | null) => void | (() => VoidOrUndefinedOnly)'.
    Type 'HTMLInputElement | null' is not assignable to type 'void | (() => VoidOrUndefinedOnly)'.
      Type 'null' is not assignable to type 'void | (() => VoidOrUndefinedOnly)'.
src/pages/EmailVerification.tsx(165,33): error TS2322: Type 'HTMLInputElement | null' is not assignable to type 'never'.
  Type 'null' is not assignable to type 'never'.
src/pages/EnquiryDetail.tsx(121,28): error TS7031: Binding element 'steps' implicitly has an 'any' type.
src/pages/EnquiryDetail.tsx(133,21): error TS7006: Parameter 'step' implicitly has an 'any' type.
src/pages/EnquiryDetail.tsx(133,27): error TS7006: Parameter 'idx' implicitly has an 'any' type.
src/pages/EnquiryDetail.tsx(165,27): error TS7031: Binding element 'data' implicitly has an 'any' type.
src/pages/EnquiryDetail.tsx(224,34): error TS7006: Parameter 'file' implicitly has an 'any' type.
src/pages/EnquiryDetail.tsx(254,22): error TS7031: Binding element 'quote' implicitly has an 'any' type.
src/pages/EnquiryDetail.tsx(298,28): error TS7031: Binding element 'log' implicitly has an 'any' type.
src/pages/EnquiryDetail.tsx(308,17): error TS7006: Parameter 'item' implicitly has an 'any' type.
src/pages/EnquiryDetail.tsx(308,23): error TS7006: Parameter 'idx' implicitly has an 'any' type.
src/pages/FoodRequestDetail.tsx(80,28): error TS7031: Binding element 'currentStage' implicitly has an 'any' type.
src/pages/FoodRequestDetail.tsx(146,31): error TS7031: Binding element 'data' implicitly has an 'any' type.
src/pages/FoodRequestDetail.tsx(196,38): error TS7006: Parameter 'tag' implicitly has an 'any' type.
src/pages/FoodRequestDetail.tsx(226,27): error TS7031: Binding element 'offer' implicitly has an 'any' type.
src/pages/FoodRequestDetail.tsx(283,24): error TS7031: Binding element 'log' implicitly has an 'any' type.
src/pages/FoodRequestDetail.tsx(301,21): error TS7006: Parameter 'item' implicitly has an 'any' type.
src/pages/ForgotPassword.tsx(59,25): error TS7006: Parameter 'e' implicitly has an 'any' type.
src/pages/GalleryManagement.tsx(95,29): error TS7031: Binding element 'activeTab' implicitly has an 'any' type.
src/pages/GalleryManagement.tsx(95,40): error TS7031: Binding element 'setActiveTab' implicitly has an 'any' type.
src/pages/GalleryManagement.tsx(116,22): error TS7031: Binding element 'item' implicitly has an 'any' type.
src/pages/GalleryManagement.tsx(116,28): error TS7031: Binding element 'isSelected' implicitly has an 'any' type.
src/pages/GalleryManagement.tsx(116,40): error TS7031: Binding element 'toggleSelection' implicitly has an 'any' type.
src/pages/GalleryManagement.tsx(174,31): error TS7031: Binding element 'selectedCount' implicitly has an 'any' type.
src/pages/GalleryManagement.tsx(174,46): error TS7031: Binding element 'clearSelection' implicitly has an 'any' type.
src/pages/GalleryManagement.tsx(221,28): error TS7006: Parameter 'id' implicitly has an 'any' type.
src/pages/GalleryManagement.tsx(222,20): error TS2345: Argument of type '(prev: never[]) => any[]' is not assignable to parameter of type 'SetStateAction<never[]>'.
  Type '(prev: never[]) => any[]' is not assignable to type '(prevState: never[]) => never[]'.
    Type 'any[]' is not assignable to type 'never[]'.
      Type 'any' is not assignable to type 'never'.
src/pages/GalleryManagement.tsx(223,21): error TS2345: Argument of type 'any' is not assignable to parameter of type 'never'.
src/pages/GalleryManagement.tsx(253,48): error TS2345: Argument of type 'string' is not assignable to parameter of type 'never'.
src/pages/Home.tsx(239,24): error TS7031: Binding element 'caterer' implicitly has an 'any' type.
src/pages/Home.tsx(375,23): error TS7031: Binding element 'recipe' implicitly has an 'any' type.
src/pages/Login.tsx(242,23): error TS2322: Type 'string | FieldError | Merge<FieldError, FieldErrorsImpl<any>> | undefined' is not assignable to type 'ReactNode'.
  Type 'FieldError' is not assignable to type 'ReactNode'.
    Type 'FieldError' is missing the following properties from type 'ReactPortal': children, props, key
src/pages/Login.tsx(270,23): error TS2322: Type 'string | FieldError | Merge<FieldError, FieldErrorsImpl<any>> | undefined' is not assignable to type 'ReactNode'.
  Type 'FieldError' is not assignable to type 'ReactNode'.
    Type 'FieldError' is missing the following properties from type 'ReactPortal': children, props, key
src/pages/MyEnquiries.tsx(94,26): error TS7006: Parameter 'status' implicitly has an 'any' type.
src/pages/MyEnquiries.tsx(109,28): error TS7006: Parameter 'status' implicitly has an 'any' type.
src/pages/RecipesListing.tsx(152,22): error TS7031: Binding element 'activeCategory' implicitly has an 'any' type.
src/pages/RecipesListing.tsx(152,38): error TS7031: Binding element 'setActiveCategory' implicitly has an 'any' type.
src/pages/RecipesListing.tsx(182,23): error TS7031: Binding element 'recipe' implicitly has an 'any' type.
src/pages/RequestFood.tsx(17,27): error TS7031: Binding element 'currentStep' implicitly has an 'any' type.
src/pages/RequestFood.tsx(61,25): error TS7031: Binding element 'formData' implicitly has an 'any' type.
src/pages/RequestFood.tsx(61,35): error TS7031: Binding element 'setFormData' implicitly has an 'any' type.
src/pages/RequestFood.tsx(61,48): error TS7031: Binding element 'onNext' implicitly has an 'any' type.
src/pages/RequestFood.tsx(142,11): error TS2322: Type 'string' is not assignable to type 'number'.
src/pages/RequestFood.tsx(168,30): error TS7031: Binding element 'formData' implicitly has an 'any' type.
src/pages/RequestFood.tsx(168,40): error TS7031: Binding element 'setFormData' implicitly has an 'any' type.
src/pages/RequestFood.tsx(168,53): error TS7031: Binding element 'onNext' implicitly has an 'any' type.
src/pages/RequestFood.tsx(168,61): error TS7031: Binding element 'onBack' implicitly has an 'any' type.
src/pages/RequestFood.tsx(244,26): error TS7031: Binding element 'formData' implicitly has an 'any' type.
src/pages/RequestFood.tsx(244,36): error TS7031: Binding element 'setFormData' implicitly has an 'any' type.
src/pages/RequestFood.tsx(244,49): error TS7031: Binding element 'onSubmit' implicitly has an 'any' type.
src/pages/RequestFood.tsx(244,59): error TS7031: Binding element 'onBack' implicitly has an 'any' type.
src/pages/ResetPassword.tsx(62,32): error TS7006: Parameter 'pass' implicitly has an 'any' type.
src/pages/ResetPassword.tsx(73,25): error TS7006: Parameter 'e' implicitly has an 'any' type.
src/pages/ReviewsManagement.tsx(64,23): error TS7031: Binding element 'stats' implicitly has an 'any' type.
src/pages/ReviewsManagement.tsx(137,22): error TS7031: Binding element 'activeTab' implicitly has an 'any' type.
src/pages/ReviewsManagement.tsx(137,33): error TS7031: Binding element 'setActiveTab' implicitly has an 'any' type.
src/pages/ReviewsManagement.tsx(165,23): error TS7031: Binding element 'review' implicitly has an 'any' type.
src/pages/ReviewsManagement.tsx(165,31): error TS7031: Binding element 'onPostReply' implicitly has an 'any' type.
src/pages/ReviewsManagement.tsx(301,28): error TS7006: Parameter 'reviewId' implicitly has an 'any' type.
src/pages/ReviewsManagement.tsx(301,38): error TS7006: Parameter 'text' implicitly has an 'any' type.
src/pages/SavedCaterers.tsx(59,29): error TS7031: Binding element 'caterer' implicitly has an 'any' type.
src/pages/SavedCaterers.tsx(59,38): error TS7031: Binding element 'onRemove' implicitly has an 'any' type.
src/pages/SavedCaterers.tsx(59,48): error TS7031: Binding element 'onEnquire' implicitly has an 'any' type.
src/pages/SavedCaterers.tsx(127,30): error TS7031: Binding element 'caterer' implicitly has an 'any' type.
src/pages/SavedCaterers.tsx(127,39): error TS7031: Binding element 'isOpen' implicitly has an 'any' type.
src/pages/SavedCaterers.tsx(127,47): error TS7031: Binding element 'onClose' implicitly has an 'any' type.
src/pages/SavedCaterers.tsx(236,25): error TS7006: Parameter 'id' implicitly has an 'any' type.
src/pages/SavedCaterers.tsx(241,24): error TS18048: 'catererToRemove' is possibly 'undefined'.
src/pages/SavedCaterers.tsx(335,12): error TS2304: Cannot find name 'CheckCircle'.
src/services/api.ts(122,18): error TS18048: 'config.url' is possibly 'undefined'.
src/services/api.ts(131,18): error TS18048: 'config.url' is possibly 'undefined'.
src/store/slices/authSlice.ts(13,9): error TS18046: 'error' is of type 'unknown'.
