src/pages/MyEnquiries.tsx(94,26): error TS7006: Parameter 'status' implicitly has an 'any' type.
src/pages/MyEnquiries.tsx(109,28): error TS7006: Parameter 'status' implicitly has an 'any' type.
src/pages/RecipesListing.tsx(152,22): error TS7031: Binding element 'activeCategory' implicitly has an 'any' type.
src/pages/RecipesListing.tsx(152,38): error TS7031: Binding element 'setActiveCategory' implicitly has an 'any' type.
src/pages/RecipesListing.tsx(182,23): error TS7031: Binding element 'recipe' implicitly has an 'any' type.
src/pages/RequestFood.tsx(17,27): error TS7031: Binding element 'currentStep' implicitly has an 'any' type.
src/pages/RequestFood.tsx(61,25): error TS7031: Binding element 'formData' implicitly has an 'any' type.
src/pages/RequestFood.tsx(61,35): error TS7031: Binding element 'setFormData' implicitly has an 'any' type.
src/pages/RequestFood.tsx(61,48): error TS7031: Binding element 'onNext' implicitly has an 'any' type.
src/pages/RequestFood.tsx(142,11): error TS2322: Type 'string' is not assignable to type 'number'.
src/pages/RequestFood.tsx(168,30): error TS7031: Binding element 'formData' implicitly has an 'any' type.
src/pages/RequestFood.tsx(168,40): error TS7031: Binding element 'setFormData' implicitly has an 'any' type.
src/pages/RequestFood.tsx(168,53): error TS7031: Binding element 'onNext' implicitly has an 'any' type.
src/pages/RequestFood.tsx(168,61): error TS7031: Binding element 'onBack' implicitly has an 'any' type.
src/pages/RequestFood.tsx(244,26): error TS7031: Binding element 'formData' implicitly has an 'any' type.
src/pages/RequestFood.tsx(244,36): error TS7031: Binding element 'setFormData' implicitly has an 'any' type.
src/pages/RequestFood.tsx(244,49): error TS7031: Binding element 'onSubmit' implicitly has an 'any' type.
src/pages/RequestFood.tsx(244,59): error TS7031: Binding element 'onBack' implicitly has an 'any' type.
src/pages/ResetPassword.tsx(62,32): error TS7006: Parameter 'pass' implicitly has an 'any' type.
src/pages/ResetPassword.tsx(73,25): error TS7006: Parameter 'e' implicitly has an 'any' type.
src/pages/ReviewsManagement.tsx(64,23): error TS7031: Binding element 'stats' implicitly has an 'any' type.
src/pages/ReviewsManagement.tsx(137,22): error TS7031: Binding element 'activeTab' implicitly has an 'any' type.
src/pages/ReviewsManagement.tsx(137,33): error TS7031: Binding element 'setActiveTab' implicitly has an 'any' type.
src/pages/ReviewsManagement.tsx(165,23): error TS7031: Binding element 'review' implicitly has an 'any' type.
src/pages/ReviewsManagement.tsx(165,31): error TS7031: Binding element 'onPostReply' implicitly has an 'any' type.
src/pages/ReviewsManagement.tsx(301,28): error TS7006: Parameter 'reviewId' implicitly has an 'any' type.
src/pages/ReviewsManagement.tsx(301,38): error TS7006: Parameter 'text' implicitly has an 'any' type.
src/pages/SavedCaterers.tsx(59,29): error TS7031: Binding element 'caterer' implicitly has an 'any' type.
src/pages/SavedCaterers.tsx(59,38): error TS7031: Binding element 'onRemove' implicitly has an 'any' type.
src/pages/SavedCaterers.tsx(59,48): error TS7031: Binding element 'onEnquire' implicitly has an 'any' type.
src/pages/SavedCaterers.tsx(127,30): error TS7031: Binding element 'caterer' implicitly has an 'any' type.
src/pages/SavedCaterers.tsx(127,39): error TS7031: Binding element 'isOpen' implicitly has an 'any' type.
src/pages/SavedCaterers.tsx(127,47): error TS7031: Binding element 'onClose' implicitly has an 'any' type.
src/pages/SavedCaterers.tsx(236,25): error TS7006: Parameter 'id' implicitly has an 'any' type.
src/pages/SavedCaterers.tsx(241,24): error TS18048: 'catererToRemove' is possibly 'undefined'.
src/pages/SavedCaterers.tsx(335,12): error TS2304: Cannot find name 'CheckCircle'.
src/services/api.ts(122,18): error TS18048: 'config.url' is possibly 'undefined'.
src/services/api.ts(131,18): error TS18048: 'config.url' is possibly 'undefined'.
src/store/slices/authSlice.ts(13,9): error TS18046: 'error' is of type 'unknown'.
